c:\users\shems\source\repos\projetjin4\projetjin4\debug\projetjin4.pch
c:\users\shems\source\repos\projetjin4\projetjin4\debug\vc141.pdb
c:\users\shems\source\repos\projetjin4\projetjin4\debug\vc141.idb
c:\users\shems\source\repos\projetjin4\projetjin4\debug\stdafx.obj
c:\users\shems\source\repos\projetjin4\projetjin4\debug\projetjin4.obj
c:\users\shems\source\repos\projetjin4\debug\projetjin4.exe
c:\users\shems\source\repos\projetjin4\debug\projetjin4.ilk
c:\users\shems\source\repos\projetjin4\debug\projetjin4.pdb
c:\users\shems\source\repos\projetjin4\projetjin4\debug\vcpkg.applocal.log
c:\users\shems\source\repos\projetjin4\debug\pugixml.dll
c:\users\shems\source\repos\projetjin4\debug\sfml-graphics-d-2.dll
c:\users\shems\source\repos\projetjin4\debug\sfml-window-d-2.dll
c:\users\shems\source\repos\projetjin4\debug\sfml-system-d-2.dll
c:\users\shems\source\repos\projetjin4\debug\freetyped.dll
c:\users\shems\source\repos\projetjin4\debug\zlibd1.dll
c:\users\shems\source\repos\projetjin4\debug\libbz2d.dll
c:\users\shems\source\repos\projetjin4\debug\libpng16d.dll
c:\users\shems\source\repos\projetjin4\debug\jpeg62.dll
c:\users\shems\source\repos\projetjin4\projetjin4\debug\projetjin4.tlog\cl.command.1.tlog
c:\users\shems\source\repos\projetjin4\projetjin4\debug\projetjin4.tlog\cl.read.1.tlog
c:\users\shems\source\repos\projetjin4\projetjin4\debug\projetjin4.tlog\cl.write.1.tlog
c:\users\shems\source\repos\projetjin4\projetjin4\debug\projetjin4.tlog\link.command.1.tlog
c:\users\shems\source\repos\projetjin4\projetjin4\debug\projetjin4.tlog\link.read.1.tlog
c:\users\shems\source\repos\projetjin4\projetjin4\debug\projetjin4.tlog\link.write.1.tlog
c:\users\shems\source\repos\projetjin4\projetjin4\debug\projetjin4.tlog\projetjin4.write.1u.tlog
