c:\users\shems\source\repos\projetjin4\mabibliotheque\debug\mabibliotheque.pch
c:\users\shems\source\repos\projetjin4\mabibliotheque\debug\mabibliotheque.pdb
c:\users\shems\source\repos\projetjin4\mabibliotheque\debug\mabibliotheque.idb
c:\users\shems\source\repos\projetjin4\mabibliotheque\debug\stdafx.obj
c:\users\shems\source\repos\projetjin4\mabibliotheque\debug\reponse.obj
c:\users\shems\source\repos\projetjin4\mabibliotheque\debug\perso.obj
c:\users\shems\source\repos\projetjin4\mabibliotheque\debug\objet.obj
c:\users\shems\source\repos\projetjin4\mabibliotheque\debug\murs.obj
c:\users\shems\source\repos\projetjin4\mabibliotheque\debug\donnees.obj
c:\users\shems\source\repos\projetjin4\mabibliotheque\debug\bonus_malus.obj
c:\users\shems\source\repos\projetjin4\mabibliotheque\debug\block.obj
c:\users\shems\source\repos\projetjin4\mabibliotheque\debug\projetjin4.obj
c:\users\shems\source\repos\projetjin4\debug\mabibliotheque.lib
c:\users\shems\source\repos\projetjin4\mabibliotheque\debug\vcpkg.applocal.log
c:\users\shems\source\repos\projetjin4\debug\mabibliotheque.pdb
c:\users\shems\source\repos\projetjin4\mabibliotheque\debug\mabibliotheque.tlog\cl.command.1.tlog
c:\users\shems\source\repos\projetjin4\mabibliotheque\debug\mabibliotheque.tlog\cl.read.1.tlog
c:\users\shems\source\repos\projetjin4\mabibliotheque\debug\mabibliotheque.tlog\cl.write.1.tlog
c:\users\shems\source\repos\projetjin4\mabibliotheque\debug\mabibliotheque.tlog\lib-link.read.1.tlog
c:\users\shems\source\repos\projetjin4\mabibliotheque\debug\mabibliotheque.tlog\lib-link.write.1.tlog
c:\users\shems\source\repos\projetjin4\mabibliotheque\debug\mabibliotheque.tlog\lib.command.1.tlog
c:\users\shems\source\repos\projetjin4\mabibliotheque\debug\mabibliotheque.tlog\mabibliotheque.write.1u.tlog
